<?xml version='1.0' encoding='UTF-8' ?>
<testsuite name="com.example.dogglers.ButtonTests" tests="6" failures="0" errors="0" skipped="0" time="10.744" timestamp="2022-10-18T15:44:18" hostname="localhost">
  <properties>
    <property name="device" value="Pixel_5_API_29(AVD) - 10" />
    <property name="flavor" value="" />
    <property name="project" value=":app" />
  </properties>
  <testcase name="grid_list_button_is_displayed" classname="com.example.dogglers.ButtonTests" time="2.279" />
  <testcase name="clicking_horizontal_list_button_displays_horizontal_list" classname="com.example.dogglers.ButtonTests" time="1.481" />
  <testcase name="clicking_grid_list_button_displays_grid_list" classname="com.example.dogglers.ButtonTests" time="1.121" />
  <testcase name="clicking_vertical_list_button_displays_vertical_list" classname="com.example.dogglers.ButtonTests" time="0.89" />
  <testcase name="horizontal_list_button_is_displayed" classname="com.example.dogglers.ButtonTests" time="0.458" />
  <testcase name="vertical_list_button_is_displayed" classname="com.example.dogglers.ButtonTests" time="0.41" />
</testsuite>